<?xml version="1.0" encoding="UTF-8"?>
<!-- Generated by org.testng.reporters.JUnitXMLReporter -->
<testsuite hostname="DESKTOP-307VFA0" ignored="0" name="Test" tests="6" failures="1" timestamp="2022-03-01T13:56:45 IST" time="0.216" errors="0">
  <testcase name="login1" time="0.037" classname="com.testing_features.Demo"/>
  <testcase name="login2" time="0.0" classname="com.testing_features.Demo">
    <skipped/>
  </testcase> <!-- login2 -->
  <testcase name="login2" time="0.0" classname="com.testing_features.Demo">
    <skipped/>
  </testcase> <!-- login2 -->
  <testcase name="login2" time="0.015" classname="com.testing_features.Demo">
    <skipped/>
  </testcase> <!-- login2 -->
  <testcase name="login2" time="0.0" classname="com.testing_features.Demo">
    <skipped/>
  </testcase> <!-- login2 -->
  <testcase name="login2" time="0.0" classname="com.testing_features.Demo">
    <failure type="java.lang.AssertionError" message="expected [abu] but found [abc]">
      <![CDATA[java.lang.AssertionError: expected [abu] but found [abc]
at com.testing_features.Demo.login2(Demo.java:19)
at java.util.ArrayList.forEach(Unknown Source)
... Removed 33 stack frames]]>
    </failure>
  </testcase> <!-- login2 -->
</testsuite> <!-- Test -->
